mmap(NULL, 8192, PROT_READ|PROT_WRITE, MAP_PRIVATE|MAP_ANONYMOUS, -1, 0) = 0x7f8269479000
openat(AT_FDCWD, "/etc/ld.so.cache", O_RDONLY|O_CLOEXEC) = 3
mmap(NULL, 55731, PROT_READ, MAP_PRIVATE, 3, 0) = 0x7f826946b000
openat(AT_FDCWD, "/lib/x86_64-linux-gnu/libc.so.6", O_RDONLY|O_CLOEXEC) = 3
read(3, "\177ELF\2\1\1\3\0\0\0\0\0\0\0\0\3\0>\0\1\0\0\0P\237\2\0\0\0\0\0"..., 832) = 832
mmap(NULL, 2260560, PROT_READ, MAP_PRIVATE|MAP_DENYWRITE, 3, 0) = 0x7f8269200000
mmap(0x7f8269228000, 1658880, PROT_READ|PROT_EXEC, MAP_PRIVATE|MAP_FIXED|MAP_DENYWRITE, 3, 0x28000) = 0x7f8269228000
mmap(0x7f82693bd000, 360448, PROT_READ, MAP_PRIVATE|MAP_FIXED|MAP_DENYWRITE, 3, 0x1bd000) = 0x7f82693bd000
mmap(0x7f8269415000, 24576, PROT_READ|PROT_WRITE, MAP_PRIVATE|MAP_FIXED|MAP_DENYWRITE, 3, 0x214000) = 0x7f8269415000
mmap(0x7f826941b000, 52816, PROT_READ|PROT_WRITE, MAP_PRIVATE|MAP_FIXED|MAP_ANONYMOUS, -1, 0) = 0x7f826941b000
mmap(NULL, 12288, PROT_READ|PROT_WRITE, MAP_PRIVATE|MAP_ANONYMOUS, -1, 0) = 0x7f8269468000
openat(AT_FDCWD, "REQ_PIPE_84112", O_RDONLY) = 3
openat(AT_FDCWD, "RESP_PIPE_84112", O_WRONLY) = 4
read(3, "\n", 1)                        = 1
read(3, "C", 1)                         = 1
read(3, "R", 1)                         = 1
read(3, "E", 1)                         = 1
read(3, "A", 1)                         = 1
read(3, "T", 1)                         = 1
read(3, "E", 1)                         = 1
read(3, "_", 1)                         = 1
read(3, "S", 1)                         = 1
read(3, "H", 1)                         = 1
read(3, "M", 1)                         = 1
read(3, "K\2332\0", 4)                  = 4
openat(AT_FDCWD, "/dev/shm/dYHej3", O_RDWR|O_CREAT|O_NOFOLLOW|O_CLOEXEC, 0664) = 5
mmap(NULL, 3316555, PROT_READ|PROT_WRITE, MAP_SHARED, 5, 0) = 0x7f8268ed6000
+++ exited with 0 +++
